C:\Program Files\Microsoft Visual Studio\2022\Enterprise\MSBuild\Microsoft\VC\v170\Microsoft.CppBuild.targets(531,5): warning MSB8028: The intermediate directory (x64\Release\) contains files shared from another project (SoundStageNative.vcxproj).  This can lead to incorrect clean and rebuild behavior.
  Artefact.cpp
  CRingBuffer.cpp
C:\Users\turbo\Documents\OpenSoundLab\Development\OpenSoundLab-Unity-2021.3.29f1\OSLNative\CRingBuffer.cpp(168,34): warning C4244: 'argument': conversion from 'int' to 'float', possible loss of data
C:\Users\turbo\Documents\OpenSoundLab\Development\OpenSoundLab-Unity-2021.3.29f1\OSLNative\CRingBuffer.cpp(168,24): warning C4244: 'argument': conversion from 'int' to 'float', possible loss of data
C:\Users\turbo\Documents\OpenSoundLab\Development\OpenSoundLab-Unity-2021.3.29f1\OSLNative\CRingBuffer.cpp(168,11): warning C4244: 'initializing': conversion from 'float' to 'int', possible loss of data
C:\Users\turbo\Documents\OpenSoundLab\Development\OpenSoundLab-Unity-2021.3.29f1\OSLNative\CRingBuffer.cpp(235,21): warning C4267: 'initializing': conversion from 'size_t' to 'int', possible loss of data
C:\Users\turbo\Documents\OpenSoundLab\Development\OpenSoundLab-Unity-2021.3.29f1\OSLNative\CRingBuffer.cpp(245,45): warning C4267: '=': conversion from 'size_t' to 'int', possible loss of data
C:\Users\turbo\Documents\OpenSoundLab\Development\OpenSoundLab-Unity-2021.3.29f1\OSLNative\CRingBuffer.cpp(271,25): warning C4244: '=': conversion from 'double' to 'float', possible loss of data
C:\Users\turbo\Documents\OpenSoundLab\Development\OpenSoundLab-Unity-2021.3.29f1\OSLNative\CRingBuffer.cpp(288,25): warning C4244: '=': conversion from 'double' to 'float', possible loss of data
C:\Users\turbo\Documents\OpenSoundLab\Development\OpenSoundLab-Unity-2021.3.29f1\OSLNative\CRingBuffer.cpp(319,12): warning C4244: 'return': conversion from 'double' to 'float', possible loss of data
C:\Users\turbo\Documents\OpenSoundLab\Development\OpenSoundLab-Unity-2021.3.29f1\OSLNative\CRingBuffer.cpp(324,21): warning C4267: 'initializing': conversion from 'size_t' to 'int', possible loss of data
C:\Users\turbo\Documents\OpenSoundLab\Development\OpenSoundLab-Unity-2021.3.29f1\OSLNative\CRingBuffer.cpp(335,45): warning C4267: '=': conversion from 'size_t' to 'int', possible loss of data
C:\Users\turbo\Documents\OpenSoundLab\Development\OpenSoundLab-Unity-2021.3.29f1\OSLNative\CRingBuffer.cpp(361,25): warning C4244: '=': conversion from 'double' to 'float', possible loss of data
C:\Users\turbo\Documents\OpenSoundLab\Development\OpenSoundLab-Unity-2021.3.29f1\OSLNative\CRingBuffer.cpp(378,25): warning C4244: '=': conversion from 'double' to 'float', possible loss of data
C:\Users\turbo\Documents\OpenSoundLab\Development\OpenSoundLab-Unity-2021.3.29f1\OSLNative\CRingBuffer.cpp(409,12): warning C4244: 'return': conversion from 'double' to 'float', possible loss of data
  Compressor.cpp
C:\Users\turbo\Documents\OpenSoundLab\Development\OpenSoundLab-Unity-2021.3.29f1\OSLNative\Compressor.cpp(60,45): warning C4244: 'argument': conversion from 'double' to 'float', possible loss of data
C:\Users\turbo\Documents\OpenSoundLab\Development\OpenSoundLab-Unity-2021.3.29f1\OSLNative\Compressor.cpp(60,19): warning C4305: 'argument': truncation from 'double' to 'float'
C:\Users\turbo\Documents\OpenSoundLab\Development\OpenSoundLab-Unity-2021.3.29f1\OSLNative\Compressor.cpp(131,55): warning C4244: 'argument': conversion from 'double' to 'float', possible loss of data
C:\Users\turbo\Documents\OpenSoundLab\Development\OpenSoundLab-Unity-2021.3.29f1\OSLNative\Compressor.cpp(131,35): warning C4244: 'argument': conversion from 'double' to 'float', possible loss of data
  Delay.cpp
C:\Users\turbo\Documents\OpenSoundLab\Development\OpenSoundLab-Unity-2021.3.29f1\OSLNative\Delay.cpp(182,59): warning C4244: 'argument': conversion from 'float' to 'int', possible loss of data
C:\Users\turbo\Documents\OpenSoundLab\Development\OpenSoundLab-Unity-2021.3.29f1\OSLNative\Delay.cpp(227,42): warning C4244: 'argument': conversion from 'int' to 'float', possible loss of data
C:\Users\turbo\Documents\OpenSoundLab\Development\OpenSoundLab-Unity-2021.3.29f1\OSLNative\Delay.cpp(227,32): warning C4244: 'argument': conversion from 'int' to 'float', possible loss of data
C:\Users\turbo\Documents\OpenSoundLab\Development\OpenSoundLab-Unity-2021.3.29f1\OSLNative\Delay.cpp(242,43): warning C4244: 'argument': conversion from 'int' to 'float', possible loss of data
C:\Users\turbo\Documents\OpenSoundLab\Development\OpenSoundLab-Unity-2021.3.29f1\OSLNative\Delay.cpp(242,28): warning C4244: 'argument': conversion from 'int' to 'float', possible loss of data
  Filter.cpp
  Freeverb.cpp
  MasterBusRecorder.cpp
C:\Users\turbo\Documents\OpenSoundLab\Development\OpenSoundLab-Unity-2021.3.29f1\OSLNative\MasterBusRecorder\MasterBusRecorder.cpp(239,55): warning C4244: 'argument': conversion from 'UInt32' to 'float', possible loss of data
C:\Users\turbo\Documents\OpenSoundLab\Development\OpenSoundLab-Unity-2021.3.29f1\OSLNative\MasterBusRecorder\MasterBusRecorder.cpp(335,60): warning C4018: '>=': signed/unsigned mismatch
  main.cpp
C:\Users\turbo\Documents\OpenSoundLab\Development\OpenSoundLab-Unity-2021.3.29f1\OSLNative\main.cpp(110,78): warning C4244: '=': conversion from 'double' to 'float', possible loss of data
C:\Users\turbo\Documents\OpenSoundLab\Development\OpenSoundLab-Unity-2021.3.29f1\OSLNative\main.cpp(119,26): warning C4244: 'initializing': conversion from 'double' to 'float', possible loss of data
C:\Users\turbo\Documents\OpenSoundLab\Development\OpenSoundLab-Unity-2021.3.29f1\OSLNative\main.cpp(226,16): warning C4309: '=': truncation of constant value
C:\Users\turbo\Documents\OpenSoundLab\Development\OpenSoundLab-Unity-2021.3.29f1\OSLNative\main.cpp(481,84): warning C4244: 'argument': conversion from 'int' to 'float', possible loss of data
C:\Users\turbo\Documents\OpenSoundLab\Development\OpenSoundLab-Unity-2021.3.29f1\OSLNative\main.cpp(481,65): warning C4244: 'argument': conversion from 'int' to 'float', possible loss of data
C:\Users\turbo\Documents\OpenSoundLab\Development\OpenSoundLab-Unity-2021.3.29f1\OSLNative\main.cpp(481,30): warning C4244: 'argument': conversion from 'double' to 'float', possible loss of data
C:\Users\turbo\Documents\OpenSoundLab\Development\OpenSoundLab-Unity-2021.3.29f1\OSLNative\main.cpp(484,97): warning C4244: 'argument': conversion from 'int' to 'float', possible loss of data
C:\Users\turbo\Documents\OpenSoundLab\Development\OpenSoundLab-Unity-2021.3.29f1\OSLNative\main.cpp(484,67): warning C4244: 'argument': conversion from 'int' to 'float', possible loss of data
C:\Users\turbo\Documents\OpenSoundLab\Development\OpenSoundLab-Unity-2021.3.29f1\OSLNative\main.cpp(484,30): warning C4244: 'argument': conversion from 'double' to 'float', possible loss of data
C:\Users\turbo\Documents\OpenSoundLab\Development\OpenSoundLab-Unity-2021.3.29f1\OSLNative\main.cpp(498,19): warning C4244: 'argument': conversion from 'double' to 'float', possible loss of data
C:\Users\turbo\Documents\OpenSoundLab\Development\OpenSoundLab-Unity-2021.3.29f1\OSLNative\main.cpp(506,21): warning C4244: 'argument': conversion from 'double' to 'float', possible loss of data
C:\Users\turbo\Documents\OpenSoundLab\Development\OpenSoundLab-Unity-2021.3.29f1\OSLNative\main.cpp(553,30): warning C4244: '=': conversion from 'double' to 'float', possible loss of data
C:\Users\turbo\Documents\OpenSoundLab\Development\OpenSoundLab-Unity-2021.3.29f1\OSLNative\main.cpp(565,38): warning C4244: '=': conversion from 'double' to 'float', possible loss of data
C:\Users\turbo\Documents\OpenSoundLab\Development\OpenSoundLab-Unity-2021.3.29f1\OSLNative\main.cpp(569,36): warning C4244: '=': conversion from 'double' to 'float', possible loss of data
C:\Users\turbo\Documents\OpenSoundLab\Development\OpenSoundLab-Unity-2021.3.29f1\OSLNative\main.cpp(573,31): warning C4244: '=': conversion from 'double' to 'float', possible loss of data
  resample.cpp
C:\Users\turbo\Documents\OpenSoundLab\Development\OpenSoundLab-Unity-2021.3.29f1\OSLNative\resample.cpp(57,21): warning C4305: '=': truncation from 'double' to 'float'
C:\Users\turbo\Documents\OpenSoundLab\Development\OpenSoundLab-Unity-2021.3.29f1\OSLNative\resample.cpp(65,19): warning C4244: 'initializing': conversion from 'double' to 'float', possible loss of data
C:\Users\turbo\Documents\OpenSoundLab\Development\OpenSoundLab-Unity-2021.3.29f1\OSLNative\resample.cpp(67,66): warning C4244: 'argument': conversion from 'double' to 'float', possible loss of data
C:\Users\turbo\Documents\OpenSoundLab\Development\OpenSoundLab-Unity-2021.3.29f1\OSLNative\resample.cpp(67,166): warning C4244: '=': conversion from 'double' to 'float', possible loss of data
C:\Users\turbo\Documents\OpenSoundLab\Development\OpenSoundLab-Unity-2021.3.29f1\OSLNative\resample.cpp(93,28): warning C4244: '=': conversion from 'double' to 'float', possible loss of data
C:\Users\turbo\Documents\OpenSoundLab\Development\OpenSoundLab-Unity-2021.3.29f1\OSLNative\resample.cpp(94,23): warning C4244: '=': conversion from 'float' to 'int', possible loss of data
C:\Users\turbo\Documents\OpenSoundLab\Development\OpenSoundLab-Unity-2021.3.29f1\OSLNative\resample.cpp(101,27): warning C4244: '=': conversion from 'float' to 'int', possible loss of data
C:\Users\turbo\Documents\OpenSoundLab\Development\OpenSoundLab-Unity-2021.3.29f1\OSLNative\resample.cpp(106,27): warning C4244: '=': conversion from 'float' to 'int', possible loss of data
  RingBuffer.cpp
C:\Users\turbo\Documents\OpenSoundLab\Development\OpenSoundLab-Unity-2021.3.29f1\OSLNative\RingBuffer.cpp(54,35): warning C4244: 'argument': conversion from 'int' to 'float', possible loss of data
C:\Users\turbo\Documents\OpenSoundLab\Development\OpenSoundLab-Unity-2021.3.29f1\OSLNative\RingBuffer.cpp(54,25): warning C4244: 'argument': conversion from 'int' to 'float', possible loss of data
C:\Users\turbo\Documents\OpenSoundLab\Development\OpenSoundLab-Unity-2021.3.29f1\OSLNative\RingBuffer.cpp(54,12): warning C4244: 'initializing': conversion from 'float' to 'int', possible loss of data
C:\Users\turbo\Documents\OpenSoundLab\Development\OpenSoundLab-Unity-2021.3.29f1\OSLNative\RingBuffer.cpp(71,35): warning C4244: 'argument': conversion from 'int' to 'float', possible loss of data
C:\Users\turbo\Documents\OpenSoundLab\Development\OpenSoundLab-Unity-2021.3.29f1\OSLNative\RingBuffer.cpp(71,25): warning C4244: 'argument': conversion from 'int' to 'float', possible loss of data
C:\Users\turbo\Documents\OpenSoundLab\Development\OpenSoundLab-Unity-2021.3.29f1\OSLNative\RingBuffer.cpp(71,12): warning C4244: 'initializing': conversion from 'float' to 'int', possible loss of data
C:\Users\turbo\Documents\OpenSoundLab\Development\OpenSoundLab-Unity-2021.3.29f1\OSLNative\RingBuffer.cpp(102,17): warning C4244: '=': conversion from 'int' to 'float', possible loss of data
C:\Users\turbo\Documents\OpenSoundLab\Development\OpenSoundLab-Unity-2021.3.29f1\OSLNative\RingBuffer.cpp(152,31): warning C4244: 'argument': conversion from 'int' to 'float', possible loss of data
C:\Users\turbo\Documents\OpenSoundLab\Development\OpenSoundLab-Unity-2021.3.29f1\OSLNative\RingBuffer.cpp(152,23): warning C4244: 'argument': conversion from 'int' to 'float', possible loss of data
C:\Users\turbo\Documents\OpenSoundLab\Development\OpenSoundLab-Unity-2021.3.29f1\OSLNative\RingBuffer.cpp(152,17): warning C4244: '=': conversion from 'float' to 'int', possible loss of data
C:\Users\turbo\Documents\OpenSoundLab\Development\OpenSoundLab-Unity-2021.3.29f1\OSLNative\RingBuffer.cpp(170,31): warning C4244: 'argument': conversion from 'int' to 'float', possible loss of data
C:\Users\turbo\Documents\OpenSoundLab\Development\OpenSoundLab-Unity-2021.3.29f1\OSLNative\RingBuffer.cpp(170,23): warning C4244: 'argument': conversion from 'int' to 'float', possible loss of data
C:\Users\turbo\Documents\OpenSoundLab\Development\OpenSoundLab-Unity-2021.3.29f1\OSLNative\RingBuffer.cpp(170,17): warning C4244: '=': conversion from 'float' to 'int', possible loss of data
     Creating library C:\Users\turbo\Documents\OpenSoundLab\Development\OpenSoundLab-Unity-2021.3.29f1\OSLNative\\..\Assets\OSLNative\x64\Release\OSLNative.lib and object C:\Users\turbo\Documents\OpenSoundLab\Development\OpenSoundLab-Unity-2021.3.29f1\OSLNative\\..\Assets\OSLNative\x64\Release\OSLNative.exp
  Generating code
  0 of 507 functions ( 0.0%) were compiled, the rest were copied from previous compilation.
    0 functions were new in current compilation
    0 functions had inline decision re-evaluated but remain unchanged
  Finished generating code
  OSLNative.vcxproj -> C:\Users\turbo\Documents\OpenSoundLab\Development\OpenSoundLab-Unity-2021.3.29f1\Assets\OSLNative\x64\Release\OSLNative.dll
