c:\users\turbo\documents\opensoundlab\development\opensoundlab-unity-2021.3.29f1\soundstagenative\x64\release\vc143.pdb
c:\users\turbo\documents\opensoundlab\development\opensoundlab-unity-2021.3.29f1\soundstagenative\x64\release\freeverb.obj
c:\users\turbo\documents\opensoundlab\development\opensoundlab-unity-2021.3.29f1\soundstagenative\x64\release\resample.obj
c:\users\turbo\documents\opensoundlab\development\opensoundlab-unity-2021.3.29f1\soundstagenative\x64\release\masterbusrecorder.obj
c:\users\turbo\documents\opensoundlab\development\opensoundlab-unity-2021.3.29f1\soundstagenative\x64\release\audiopluginutil.obj
c:\users\turbo\documents\opensoundlab\development\opensoundlab-unity-2021.3.29f1\soundstagenative\x64\release\main.obj
c:\users\turbo\documents\opensoundlab\development\opensoundlab-unity-2021.3.29f1\soundstagenative\x64\release\revmodel.obj
c:\users\turbo\documents\opensoundlab\development\opensoundlab-unity-2021.3.29f1\soundstagenative\x64\release\comb.obj
c:\users\turbo\documents\opensoundlab\development\opensoundlab-unity-2021.3.29f1\soundstagenative\x64\release\allpass.obj
c:\users\turbo\documents\opensoundlab\development\opensoundlab-unity-2021.3.29f1\soundstagenative\x64\release\filter.obj
c:\users\turbo\documents\opensoundlab\development\opensoundlab-unity-2021.3.29f1\soundstagenative\x64\release\cringbuffer.obj
c:\users\turbo\documents\opensoundlab\development\opensoundlab-unity-2021.3.29f1\soundstagenative\x64\release\compressor.obj
c:\users\turbo\documents\opensoundlab\development\opensoundlab-unity-2021.3.29f1\soundstagenative\x64\release\artefact.obj
c:\users\turbo\documents\opensoundlab\development\opensoundlab-unity-2021.3.29f1\soundstagenative\x64\release\delay.obj
c:\users\turbo\documents\opensoundlab\development\opensoundlab-unity-2021.3.29f1\soundstagenative\x64\release\ringbuffer.obj
c:\users\turbo\documents\opensoundlab\development\opensoundlab-unity-2021.3.29f1\soundstagenative\x64\release\util.obj
c:\users\turbo\documents\opensoundlab\development\opensoundlab-unity-2021.3.29f1\soundstagenative\x64\release\soundstagenative.tlog\cl.command.1.tlog
c:\users\turbo\documents\opensoundlab\development\opensoundlab-unity-2021.3.29f1\soundstagenative\x64\release\soundstagenative.tlog\cl.read.1.tlog
c:\users\turbo\documents\opensoundlab\development\opensoundlab-unity-2021.3.29f1\soundstagenative\x64\release\soundstagenative.tlog\cl.write.1.tlog
c:\users\turbo\documents\opensoundlab\development\opensoundlab-unity-2021.3.29f1\soundstagenative\x64\release\soundstagenative.tlog\link.command.1.tlog
c:\users\turbo\documents\opensoundlab\development\opensoundlab-unity-2021.3.29f1\soundstagenative\x64\release\soundstagenative.tlog\link.read.1.tlog
c:\users\turbo\documents\opensoundlab\development\opensoundlab-unity-2021.3.29f1\soundstagenative\x64\release\soundstagenative.tlog\link.write.1.tlog
