  Filter.cpp
  main.cpp
main.cpp(89): warning C4244: '=': conversion from 'double' to 'float', possible loss of data
main.cpp(98): warning C4244: 'initializing': conversion from 'double' to 'float', possible loss of data
main.cpp(205): warning C4309: '=': truncation of constant value
main.cpp(397): warning C4244: 'initializing': conversion from 'double' to 'float', possible loss of data
main.cpp(416): warning C4244: '=': conversion from 'int' to 'float', possible loss of data
main.cpp(417): warning C4244: '=': conversion from 'int' to 'float', possible loss of data
main.cpp(430): warning C4244: '=': conversion from 'int' to 'float', possible loss of data
main.cpp(435): warning C4244: '=': conversion from 'int' to 'float', possible loss of data
main.cpp(501): warning C4244: '=': conversion from 'double' to 'float', possible loss of data
main.cpp(517): warning C4244: '=': conversion from 'double' to 'float', possible loss of data
main.cpp(523): warning C4244: '=': conversion from 'double' to 'float', possible loss of data
main.cpp(527): warning C4244: '=': conversion from 'double' to 'float', possible loss of data
main.cpp(530): warning C4244: '=': conversion from 'double' to 'float', possible loss of data
main.cpp(533): warning C4244: '=': conversion from 'double' to 'float', possible loss of data
     Creating library C:\Users\Ludwig\Desktop\The New Normal\soundstage\soundstagevr-quest\Assets\SoundStageNative\SoundStageNative\x64\Release\SoundStageNative.lib and object C:\Users\Ludwig\Desktop\The New Normal\soundstage\soundstagevr-quest\Assets\SoundStageNative\SoundStageNative\x64\Release\SoundStageNative.exp
  Generating code
  22 of 34 functions (64.7%) were compiled, the rest were copied from previous compilation.
    0 functions were new in current compilation
    1 functions had inline decision re-evaluated but remain unchanged
  Finished generating code
  SoundStageNative.vcxproj -> C:\Users\Ludwig\Desktop\The New Normal\soundstage\soundstagevr-quest\Assets\SoundStageNative\SoundStageNative\x64\Release\SoundStageNative.dll
  SoundStageNative.vcxproj -> C:\Users\Ludwig\Desktop\The New Normal\soundstage\soundstagevr-quest\Assets\SoundStageNative\SoundStageNative\x64\Release\SoundStageNative.pdb (Full PDB)
